# JRE version: OpenJDK Runtime Environment (8.0_265-b01) (build 1.8.0_265-8u265-b01-0ubuntu2~16.04-b01)
# Java VM: OpenJDK 64-Bit Server VM (25.265-b01 mixed mode linux-amd64 compressed oops)
Heap:
 PSYoungGen      total 305664K, used 238102K [0x00000000eab00000, 0x0000000100000000, 0x0000000100000000)
  eden space 262144K, 90% used [0x00000000eab00000,0x00000000f93859d8,0x00000000fab00000)
  from space 43520K, 0% used [0x00000000fab00000,0x00000000fab00000,0x00000000fd580000)
  to   space 43520K, 0% used [0x00000000fd580000,0x00000000fd580000,0x0000000100000000)
 ParOldGen       total 699392K, used 586387K [0x00000000c0000000, 0x00000000eab00000, 0x00000000eab00000)
  object space 699392K, 83% used [0x00000000c0000000,0x00000000e3ca4c08,0x00000000eab00000)
 Metaspace       used 14156K, capacity 14772K, committed 15104K, reserved 1062912K
  class space    used 2041K, capacity 2203K, committed 2304K, reserved 1048576K
GC Heap History (10 events):
Event: 17.599 GC heap before
{Heap before GC invocations=16 (full 9):
 PSYoungGen      total 305664K, used 262144K [0x00000000eab00000, 0x0000000100000000, 0x0000000100000000)
  eden space 262144K, 100% used [0x00000000eab00000,0x00000000fab00000,0x00000000fab00000)
  from space 43520K, 0% used [0x00000000fab00000,0x00000000fab00000,0x00000000fd580000)
  to   space 43520K, 0% used [0x00000000fd580000,0x00000000fd580000,0x0000000100000000)
 ParOldGen       total 699392K, used 586362K [0x00000000c0000000, 0x00000000eab00000, 0x00000000eab00000)
  object space 699392K, 83% used [0x00000000c0000000,0x00000000e3c9ea98,0x00000000eab00000)
 Metaspace       used 14140K, capacity 14772K, committed 15104K, reserved 1062912K
  class space    used 2039K, capacity 2203K, committed 2304K, reserved 1048576K
Event: 18.044 GC heap after
Heap after GC invocations=16 (full 9):
 PSYoungGen      total 305664K, used 0K [0x00000000eab00000, 0x0000000100000000, 0x0000000100000000)
  eden space 262144K, 0% used [0x00000000eab00000,0x00000000eab00000,0x00000000fab00000)
  from space 43520K, 0% used [0x00000000fab00000,0x00000000fab00000,0x00000000fd580000)
  to   space 43520K, 0% used [0x00000000fd580000,0x00000000fd580000,0x0000000100000000)
 ParOldGen       total 699392K, used 586367K [0x00000000c0000000, 0x00000000eab00000, 0x00000000eab00000)
  object space 699392K, 83% used [0x00000000c0000000,0x00000000e3c9fe50,0x00000000eab00000)
 Metaspace       used 14140K, capacity 14772K, committed 15104K, reserved 1062912K
  class space    used 2039K, capacity 2203K, committed 2304K, reserved 1048576K
}
Event: 18.655 GC heap before
{Heap before GC invocations=17 (full 10):
 PSYoungGen      total 305664K, used 262144K [0x00000000eab00000, 0x0000000100000000, 0x0000000100000000)
  eden space 262144K, 100% used [0x00000000eab00000,0x00000000fab00000,0x00000000fab00000)
  from space 43520K, 0% used [0x00000000fab00000,0x00000000fab00000,0x00000000fd580000)
  to   space 43520K, 0% used [0x00000000fd580000,0x00000000fd580000,0x0000000100000000)
 ParOldGen       total 699392K, used 586367K [0x00000000c0000000, 0x00000000eab00000, 0x00000000eab00000)
  object space 699392K, 83% used [0x00000000c0000000,0x00000000e3c9fe50,0x00000000eab00000)
 Metaspace       used 14147K, capacity 14772K, committed 15104K, reserved 1062912K
  class space    used 2039K, capacity 2203K, committed 2304K, reserved 1048576K
Event: 18.904 GC heap after
Heap after GC invocations=17 (full 10):
 PSYoungGen      total 305664K, used 0K [0x00000000eab00000, 0x0000000100000000, 0x0000000100000000)
  eden space 262144K, 0% used [0x00000000eab00000,0x00000000eab00000,0x00000000fab00000)
  from space 43520K, 0% used [0x00000000fab00000,0x00000000fab00000,0x00000000fd580000)
  to   space 43520K, 0% used [0x00000000fd580000,0x00000000fd580000,0x0000000100000000)
 ParOldGen       total 699392K, used 586387K [0x00000000c0000000, 0x00000000eab00000, 0x00000000eab00000)
  object space 699392K, 83% used [0x00000000c0000000,0x00000000e3ca4f28,0x00000000eab00000)
 Metaspace       used 14147K, capacity 14772K, committed 15104K, reserved 1062912K
  class space    used 2039K, capacity 2203K, committed 2304K, reserved 1048576K
}
Event: 19.459 GC heap before
{Heap before GC invocations=18 (full 11):
 PSYoungGen      total 305664K, used 262144K [0x00000000eab00000, 0x0000000100000000, 0x0000000100000000)
  eden space 262144K, 100% used [0x00000000eab00000,0x00000000fab00000,0x00000000fab00000)
  from space 43520K, 0% used [0x00000000fab00000,0x00000000fab00000,0x00000000fd580000)
  to   space 43520K, 0% used [0x00000000fd580000,0x00000000fd580000,0x0000000100000000)
 ParOldGen       total 699392K, used 586387K [0x00000000c0000000, 0x00000000eab00000, 0x00000000eab00000)
  object space 699392K, 83% used [0x00000000c0000000,0x00000000e3ca4f28,0x00000000eab00000)
 Metaspace       used 14149K, capacity 14772K, committed 15104K, reserved 1062912K
  class space    used 2039K, capacity 2203K, committed 2304K, reserved 1048576K
Event: 19.676 GC heap after
Heap after GC invocations=18 (full 11):
 PSYoungGen      total 305664K, used 0K [0x00000000eab00000, 0x0000000100000000, 0x0000000100000000)
  eden space 262144K, 0% used [0x00000000eab00000,0x00000000eab00000,0x00000000fab00000)
  from space 43520K, 0% used [0x00000000fab00000,0x00000000fab00000,0x00000000fd580000)
  to   space 43520K, 0% used [0x00000000fd580000,0x00000000fd580000,0x0000000100000000)
 ParOldGen       total 699392K, used 586400K [0x00000000c0000000, 0x00000000eab00000, 0x00000000eab00000)
  object space 699392K, 83% used [0x00000000c0000000,0x00000000e3ca8028,0x00000000eab00000)
 Metaspace       used 14149K, capacity 14772K, committed 15104K, reserved 1062912K
  class space    used 2039K, capacity 2203K, committed 2304K, reserved 1048576K
}
Event: 20.220 GC heap before
{Heap before GC invocations=19 (full 12):
 PSYoungGen      total 305664K, used 262144K [0x00000000eab00000, 0x0000000100000000, 0x0000000100000000)
  eden space 262144K, 100% used [0x00000000eab00000,0x00000000fab00000,0x00000000fab00000)
  from space 43520K, 0% used [0x00000000fab00000,0x00000000fab00000,0x00000000fd580000)
  to   space 43520K, 0% used [0x00000000fd580000,0x00000000fd580000,0x0000000100000000)
 ParOldGen       total 699392K, used 586400K [0x00000000c0000000, 0x00000000eab00000, 0x00000000eab00000)
  object space 699392K, 83% used [0x00000000c0000000,0x00000000e3ca8028,0x00000000eab00000)
 Metaspace       used 14149K, capacity 14772K, committed 15104K, reserved 1062912K
  class space    used 2039K, capacity 2203K, committed 2304K, reserved 1048576K
Event: 20.437 GC heap after
Heap after GC invocations=19 (full 12):
 PSYoungGen      total 305664K, used 0K [0x00000000eab00000, 0x0000000100000000, 0x0000000100000000)
  eden space 262144K, 0% used [0x00000000eab00000,0x00000000eab00000,0x00000000fab00000)
  from space 43520K, 0% used [0x00000000fab00000,0x00000000fab00000,0x00000000fd580000)
  to   space 43520K, 0% used [0x00000000fd580000,0x00000000fd580000,0x0000000100000000)
 ParOldGen       total 699392K, used 586384K [0x00000000c0000000, 0x00000000eab00000, 0x00000000eab00000)
  object space 699392K, 83% used [0x00000000c0000000,0x00000000e3ca4348,0x00000000eab00000)
 Metaspace       used 14149K, capacity 14772K, committed 15104K, reserved 1062912K
  class space    used 2039K, capacity 2203K, committed 2304K, reserved 1048576K
}
Event: 20.917 GC heap before
{Heap before GC invocations=20 (full 13):
 PSYoungGen      total 305664K, used 262144K [0x00000000eab00000, 0x0000000100000000, 0x0000000100000000)
  eden space 262144K, 100% used [0x00000000eab00000,0x00000000fab00000,0x00000000fab00000)
  from space 43520K, 0% used [0x00000000fab00000,0x00000000fab00000,0x00000000fd580000)
  to   space 43520K, 0% used [0x00000000fd580000,0x00000000fd580000,0x0000000100000000)
 ParOldGen       total 699392K, used 586384K [0x00000000c0000000, 0x00000000eab00000, 0x00000000eab00000)
  object space 699392K, 83% used [0x00000000c0000000,0x00000000e3ca4348,0x00000000eab00000)
 Metaspace       used 14149K, capacity 14772K, committed 15104K, reserved 1062912K
  class space    used 2039K, capacity 2203K, committed 2304K, reserved 1048576K
Event: 21.139 GC heap after
Heap after GC invocations=20 (full 13):
 PSYoungGen      total 305664K, used 0K [0x00000000eab00000, 0x0000000100000000, 0x0000000100000000)
  eden space 262144K, 0% used [0x00000000eab00000,0x00000000eab00000,0x00000000fab00000)
  from space 43520K, 0% used [0x00000000fab00000,0x00000000fab00000,0x00000000fd580000)
  to   space 43520K, 0% used [0x00000000fd580000,0x00000000fd580000,0x0000000100000000)
 ParOldGen       total 699392K, used 586387K [0x00000000c0000000, 0x00000000eab00000, 0x00000000eab00000)
  object space 699392K, 83% used [0x00000000c0000000,0x00000000e3ca4c08,0x00000000eab00000)
 Metaspace       used 14149K, capacity 14772K, committed 15104K, reserved 1062912K
  class space    used 2039K, capacity 2203K, committed 2304K, reserved 1048576K
}

